2381 [TestNG-PoolService-0] INFO  c.t.pageclass.web.UpdateInfoSteps - 
url: --> https://reenbeauty.com 

13720 [TestNG-PoolService-0] DEBUG c.t.pageclass.web.UpdateInfoSteps - 
url: --> https://reenbeauty.com 

2797 [TestNG-PoolService-0] INFO  com.test.framework.ScenarioContext - 
========== Environment: SIT ======= 

2829 [TestNG-PoolService-0] INFO  c.t.pageclass.web.UpdateInfoSteps - 
url: --> https://reenbeauty.com 

2830 [TestNG-PoolService-0] INFO  com.test.framework.ScenarioContext - 
========== Environment: SIT ======= 

6400 [TestNG-PoolService-0] INFO  com.test.framework.ScenarioContext - 
========== Environment: SIT ======= 

6651 [TestNG-PoolService-0] INFO  com.test.framework.ScenarioContext - 
========== Environment: SIT ======= 

9292 [TestNG-PoolService-0] INFO  com.test.framework.ScenarioContext - 
========== Environment: SIT ======= 

9546 [TestNG-PoolService-0] INFO  com.test.framework.ScenarioContext - 
========== Environment: SIT ======= 

9758 [TestNG-PoolService-0] INFO  com.test.framework.ScenarioContext - 
========== Environment: SIT ======= 

9959 [TestNG-PoolService-0] INFO  com.test.framework.ScenarioContext - 
========== Environment: SIT ======= 

10173 [TestNG-PoolService-0] INFO  com.test.framework.ScenarioContext - 
========== Environment: SIT ======= 

10302 [TestNG-PoolService-0] INFO  com.test.framework.ScenarioContext - 
========== Environment: SIT ======= 

10505 [TestNG-PoolService-0] INFO  com.test.framework.ScenarioContext - 
========== Environment: SIT ======= 

10693 [TestNG-PoolService-0] INFO  com.test.framework.ScenarioContext - 
========== Environment: SIT ======= 

10908 [TestNG-PoolService-0] INFO  com.test.framework.ScenarioContext - 
========== Environment: SIT ======= 

11038 [TestNG-PoolService-0] INFO  com.test.framework.ScenarioContext - 
========== Environment: SIT ======= 

11215 [TestNG-PoolService-0] INFO  com.test.framework.ScenarioContext - 
========== Environment: SIT ======= 

11395 [TestNG-PoolService-0] INFO  com.test.framework.ScenarioContext - 
========== Environment: SIT ======= 

12893 [TestNG-PoolService-0] INFO  com.test.framework.ScenarioContext - 
========== Environment: SIT ======= 

12895 [TestNG-PoolService-0] DEBUG c.t.pageclass.web.UpdateInfoSteps - 
url: --> https://reenbeauty.com 

2236 [TestNG-PoolService-0] INFO  com.test.framework.ScenarioContext - 
========== Environment: SIT ======= 

2263 [TestNG-PoolService-0] INFO  c.t.pageclass.web.UpdateInfoSteps - 
url: --> https://reenbeauty.com 

2265 [TestNG-PoolService-0] INFO  com.test.framework.ScenarioContext - 
========== Environment: SIT ======= 

6249 [TestNG-PoolService-0] INFO  com.test.framework.ScenarioContext - 
========== Environment: SIT ======= 

6425 [TestNG-PoolService-0] INFO  com.test.framework.ScenarioContext - 
========== Environment: SIT ======= 

9568 [TestNG-PoolService-0] INFO  com.test.framework.ScenarioContext - 
========== Environment: SIT ======= 

9860 [TestNG-PoolService-0] INFO  com.test.framework.ScenarioContext - 
========== Environment: SIT ======= 

10044 [TestNG-PoolService-0] INFO  com.test.framework.ScenarioContext - 
========== Environment: SIT ======= 

10200 [TestNG-PoolService-0] INFO  com.test.framework.ScenarioContext - 
========== Environment: SIT ======= 

10417 [TestNG-PoolService-0] INFO  com.test.framework.ScenarioContext - 
========== Environment: SIT ======= 

10528 [TestNG-PoolService-0] INFO  com.test.framework.ScenarioContext - 
========== Environment: SIT ======= 

10679 [TestNG-PoolService-0] INFO  com.test.framework.ScenarioContext - 
========== Environment: SIT ======= 

10817 [TestNG-PoolService-0] INFO  com.test.framework.ScenarioContext - 
========== Environment: SIT ======= 

10982 [TestNG-PoolService-0] INFO  com.test.framework.ScenarioContext - 
========== Environment: SIT ======= 

11078 [TestNG-PoolService-0] INFO  com.test.framework.ScenarioContext - 
========== Environment: SIT ======= 

11225 [TestNG-PoolService-0] INFO  com.test.framework.ScenarioContext - 
========== Environment: SIT ======= 

11361 [TestNG-PoolService-0] INFO  com.test.framework.ScenarioContext - 
========== Environment: SIT ======= 

13081 [TestNG-PoolService-0] INFO  com.test.framework.ScenarioContext - 
========== Environment: SIT ======= 

13083 [TestNG-PoolService-0] DEBUG c.t.pageclass.web.UpdateInfoSteps - 
url: --> https://reenbeauty.com 

3110 [TestNG-PoolService-0] INFO  com.test.framework.ScenarioContext - 
========== Environment: SIT ======= 

3167 [TestNG-PoolService-0] INFO  c.t.pageclass.web.UpdateInfoSteps - 
url: --> https://reenbeauty.com 

3168 [TestNG-PoolService-0] INFO  com.test.framework.ScenarioContext - 
========== Environment: SIT ======= 

4603 [TestNG-PoolService-0] INFO  com.test.framework.ScenarioContext - 
========== Environment: SIT ======= 

