2023-07-15 20:33:06 INFO Exporting webdriver.chrome.driver as C:\Users\kennj\.cache\selenium\chromedriver\win32\113.0.5672.63\chromedriver.exe
2023-07-15 20:33:06 INFO Using chromedriver 114.0.5735.90 (resolved driver for Chrome 114)
2023-07-15 20:33:06 INFO Exporting webdriver.chrome.driver as C:\Users\kennj\.cache\selenium\chromedriver\win32\114.0.5735.90\chromedriver.exe
2023-07-15 20:33:07 INFO 
========== Environment: CAT ======= 

2023-07-15 20:33:07 INFO 
url: --> https://reenbeauty.com 

2023-07-15 20:33:07 INFO 
========== Environment: CAT ======= 

2023-07-15 20:33:11 INFO 
========== Environment: CAT ======= 

2023-07-15 20:33:11 INFO 
========== Environment: CAT ======= 

2023-07-15 20:33:14 INFO 
========== Environment: CAT ======= 

2023-07-15 20:33:15 INFO 
========== Environment: CAT ======= 

2023-07-15 20:33:15 INFO 
========== Environment: CAT ======= 

2023-07-15 20:33:15 INFO 
========== Environment: CAT ======= 

2023-07-15 20:33:15 INFO 
========== Environment: CAT ======= 

2023-07-15 20:33:15 INFO 
========== Environment: CAT ======= 

2023-07-15 20:33:15 INFO 
========== Environment: CAT ======= 

2023-07-15 20:33:16 INFO 
========== Environment: CAT ======= 

2023-07-15 20:33:16 INFO 
========== Environment: CAT ======= 

2023-07-15 20:33:16 INFO 
========== Environment: CAT ======= 

2023-07-15 20:33:17 INFO 
========== Environment: CAT ======= 

2023-07-15 20:33:17 INFO 
========== Environment: CAT ======= 

2023-07-15 20:33:19 INFO 
========== Environment: CAT ======= 

2023-07-15 20:33:19 DEBUG 
url: --> https://reenbeauty.com 

